<?xml version="1.0" encoding="UTF-8"?>
<!-- Generated by org.testng.reporters.JUnitReportReporter -->
<testsuite skipped="0" hostname="CDC2-D-CMLVXJ2" name="testmeapp.OnlineShoppingTest" tests="3" failures="0" timestamp="2019-09-23T17:55:27 IST" time="39.259" errors="0">
  <testcase name="testLogin" time="9.808" classname="testmeapp.OnlineShoppingTest"/>
  <testcase name="testCart" time="11.107" classname="testmeapp.OnlineShoppingTest"/>
  <testcase name="testPayment" time="18.344" classname="testmeapp.OnlineShoppingTest"/>
</testsuite> <!-- testmeapp.OnlineShoppingTest -->
