<?xml version="1.0" encoding="UTF-8"?>
<!-- Generated by org.testng.reporters.JUnitReportReporter -->
<testsuite skipped="0" hostname="CDC2-D-CMLVXJ2" name="testmeapp.Report" tests="4" failures="0" timestamp="2019-09-24T13:58:59 IST" time="48.351" errors="0">
  <testcase name="passTest" time="33.555" classname="testmeapp.Report"/>
  <testcase name="passTest2" time="2.705" classname="testmeapp.Report"/>
  <testcase name="passTest3" time="6.959" classname="testmeapp.Report"/>
  <testcase name="passTest4" time="5.132" classname="testmeapp.Report"/>
</testsuite> <!-- testmeapp.Report -->
